# JRE version: Java(TM) SE Runtime Environment (8.0_144-b01) (build 1.8.0_144-b01)
# Java VM: Java HotSpot(TM) 64-Bit Server VM (25.144-b01 mixed mode windows-amd64 compressed oops)
Heap:
 PSYoungGen      total 289280K, used 115350K [0x000000076b500000, 0x000000077ee00000, 0x00000007c0000000)
  eden space 262144K, 41% used [0x000000076b500000,0x0000000771ef42d0,0x000000077b500000)
  from space 27136K, 25% used [0x000000077d380000,0x000000077da31708,0x000000077ee00000)
  to   space 29184K, 0% used [0x000000077b500000,0x000000077b500000,0x000000077d180000)
 ParOldGen       total 175104K, used 61150K [0x00000006c1e00000, 0x00000006cc900000, 0x000000076b500000)
  object space 175104K, 34% used [0x00000006c1e00000,0x00000006c59b79e8,0x00000006cc900000)
 Metaspace       used 14821K, capacity 15021K, committed 15360K, reserved 1062912K
  class space    used 1861K, capacity 1937K, committed 2048K, reserved 1048576K
GC Heap History (10 events):
Event: 2.891 GC heap before
{Heap before GC invocations=2 (full 0):
 PSYoungGen      total 76288K, used 76070K [0x000000076b500000, 0x0000000770a00000, 0x00000007c0000000)
  eden space 65536K, 99% used [0x000000076b500000,0x000000076f4cb478,0x000000076f500000)
  from space 10752K, 99% used [0x000000076f500000,0x000000076ff7e3c0,0x000000076ff80000)
  to   space 10752K, 0% used [0x000000076ff80000,0x000000076ff80000,0x0000000770a00000)
 ParOldGen       total 175104K, used 19368K [0x00000006c1e00000, 0x00000006cc900000, 0x000000076b500000)
  object space 175104K, 11% used [0x00000006c1e00000,0x00000006c30ea1d0,0x00000006cc900000)
 Metaspace       used 14500K, capacity 14733K, committed 14976K, reserved 1062912K
  class space    used 1829K, capacity 1905K, committed 1920K, reserved 1048576K
Event: 2.914 GC heap after
Heap after GC invocations=2 (full 0):
 PSYoungGen      total 76288K, used 10257K [0x000000076b500000, 0x0000000774a00000, 0x00000007c0000000)
  eden space 65536K, 0% used [0x000000076b500000,0x000000076b500000,0x000000076f500000)
  from space 10752K, 95% used [0x000000076ff80000,0x00000007709846c0,0x0000000770a00000)
  to   space 10752K, 0% used [0x000000076f500000,0x000000076f500000,0x000000076ff80000)
 ParOldGen       total 175104K, used 38505K [0x00000006c1e00000, 0x00000006cc900000, 0x000000076b500000)
  object space 175104K, 21% used [0x00000006c1e00000,0x00000006c439a608,0x00000006cc900000)
 Metaspace       used 14500K, capacity 14733K, committed 14976K, reserved 1062912K
  class space    used 1829K, capacity 1905K, committed 1920K, reserved 1048576K
}
Event: 3.256 GC heap before
{Heap before GC invocations=3 (full 0):
 PSYoungGen      total 76288K, used 73161K [0x000000076b500000, 0x0000000774a00000, 0x00000007c0000000)
  eden space 65536K, 95% used [0x000000076b500000,0x000000076f26de70,0x000000076f500000)
  from space 10752K, 95% used [0x000000076ff80000,0x00000007709846c0,0x0000000770a00000)
  to   space 10752K, 0% used [0x000000076f500000,0x000000076f500000,0x000000076ff80000)
 ParOldGen       total 175104K, used 38505K [0x00000006c1e00000, 0x00000006cc900000, 0x000000076b500000)
  object space 175104K, 21% used [0x00000006c1e00000,0x00000006c439a608,0x00000006cc900000)
 Metaspace       used 14509K, capacity 14733K, committed 14976K, reserved 1062912K
  class space    used 1829K, capacity 1905K, committed 1920K, reserved 1048576K
Event: 3.274 GC heap after
Heap after GC invocations=3 (full 0):
 PSYoungGen      total 76288K, used 6821K [0x000000076b500000, 0x0000000774a00000, 0x00000007c0000000)
  eden space 65536K, 0% used [0x000000076b500000,0x000000076b500000,0x000000076f500000)
  from space 10752K, 63% used [0x000000076f500000,0x000000076fba9708,0x000000076ff80000)
  to   space 10752K, 0% used [0x0000000773f80000,0x0000000773f80000,0x0000000774a00000)
 ParOldGen       total 175104K, used 61126K [0x00000006c1e00000, 0x00000006cc900000, 0x000000076b500000)
  object space 175104K, 34% used [0x00000006c1e00000,0x00000006c59b19e8,0x00000006cc900000)
 Metaspace       used 14509K, capacity 14733K, committed 14976K, reserved 1062912K
  class space    used 1829K, capacity 1905K, committed 1920K, reserved 1048576K
}
Event: 3.618 GC heap before
{Heap before GC invocations=4 (full 0):
 PSYoungGen      total 76288K, used 69861K [0x000000076b500000, 0x0000000774a00000, 0x00000007c0000000)
  eden space 65536K, 96% used [0x000000076b500000,0x000000076f28fdd8,0x000000076f500000)
  from space 10752K, 63% used [0x000000076f500000,0x000000076fba9708,0x000000076ff80000)
  to   space 10752K, 0% used [0x0000000773f80000,0x0000000773f80000,0x0000000774a00000)
 ParOldGen       total 175104K, used 61126K [0x00000006c1e00000, 0x00000006cc900000, 0x000000076b500000)
  object space 175104K, 34% used [0x00000006c1e00000,0x00000006c59b19e8,0x00000006cc900000)
 Metaspace       used 14536K, capacity 14797K, committed 14976K, reserved 1062912K
  class space    used 1829K, capacity 1905K, committed 1920K, reserved 1048576K
Event: 3.627 GC heap after
Heap after GC invocations=4 (full 0):
 PSYoungGen      total 141824K, used 6789K [0x000000076b500000, 0x0000000774a00000, 0x00000007c0000000)
  eden space 131072K, 0% used [0x000000076b500000,0x000000076b500000,0x0000000773500000)
  from space 10752K, 63% used [0x0000000773f80000,0x0000000774621708,0x0000000774a00000)
  to   space 10752K, 0% used [0x0000000773500000,0x0000000773500000,0x0000000773f80000)
 ParOldGen       total 175104K, used 61134K [0x00000006c1e00000, 0x00000006cc900000, 0x000000076b500000)
  object space 175104K, 34% used [0x00000006c1e00000,0x00000006c59b39e8,0x00000006cc900000)
 Metaspace       used 14536K, capacity 14797K, committed 14976K, reserved 1062912K
  class space    used 1829K, capacity 1905K, committed 1920K, reserved 1048576K
}
Event: 4.378 GC heap before
{Heap before GC invocations=5 (full 0):
 PSYoungGen      total 141824K, used 136244K [0x000000076b500000, 0x0000000774a00000, 0x00000007c0000000)
  eden space 131072K, 98% used [0x000000076b500000,0x000000077336bb80,0x0000000773500000)
  from space 10752K, 63% used [0x0000000773f80000,0x0000000774621708,0x0000000774a00000)
  to   space 10752K, 0% used [0x0000000773500000,0x0000000773500000,0x0000000773f80000)
 ParOldGen       total 175104K, used 61134K [0x00000006c1e00000, 0x00000006cc900000, 0x000000076b500000)
  object space 175104K, 34% used [0x00000006c1e00000,0x00000006c59b39e8,0x00000006cc900000)
 Metaspace       used 14678K, capacity 14893K, committed 15104K, reserved 1062912K
  class space    used 1859K, capacity 1937K, committed 2048K, reserved 1048576K
Event: 4.390 GC heap after
Heap after GC invocations=5 (full 0):
 PSYoungGen      total 141824K, used 6853K [0x000000076b500000, 0x000000077f200000, 0x00000007c0000000)
  eden space 131072K, 0% used [0x000000076b500000,0x000000076b500000,0x0000000773500000)
  from space 10752K, 63% used [0x0000000773500000,0x0000000773bb1708,0x0000000773f80000)
  to   space 31232K, 0% used [0x000000077d380000,0x000000077d380000,0x000000077f200000)
 ParOldGen       total 175104K, used 61142K [0x00000006c1e00000, 0x00000006cc900000, 0x000000076b500000)
  object space 175104K, 34% used [0x00000006c1e00000,0x00000006c59b59e8,0x00000006cc900000)
 Metaspace       used 14678K, capacity 14893K, committed 15104K, reserved 1062912K
  class space    used 1859K, capacity 1937K, committed 2048K, reserved 1048576K
}
Event: 5.097 GC heap before
{Heap before GC invocations=6 (full 0):
 PSYoungGen      total 141824K, used 135873K [0x000000076b500000, 0x000000077f200000, 0x00000007c0000000)
  eden space 131072K, 98% used [0x000000076b500000,0x00000007732ff088,0x0000000773500000)
  from space 10752K, 63% used [0x0000000773500000,0x0000000773bb1708,0x0000000773f80000)
  to   space 31232K, 0% used [0x000000077d380000,0x000000077d380000,0x000000077f200000)
 ParOldGen       total 175104K, used 61142K [0x00000006c1e00000, 0x00000006cc900000, 0x000000076b500000)
  object space 175104K, 34% used [0x00000006c1e00000,0x00000006c59b59e8,0x00000006cc900000)
 Metaspace       used 14767K, capacity 15021K, committed 15360K, reserved 1062912K
  class space    used 1859K, capacity 1937K, committed 2048K, reserved 1048576K
Event: 5.109 GC heap after
Heap after GC invocations=6 (full 0):
 PSYoungGen      total 289280K, used 6853K [0x000000076b500000, 0x000000077ee00000, 0x00000007c0000000)
  eden space 262144K, 0% used [0x000000076b500000,0x000000076b500000,0x000000077b500000)
  from space 27136K, 25% used [0x000000077d380000,0x000000077da31708,0x000000077ee00000)
  to   space 29184K, 0% used [0x000000077b500000,0x000000077b500000,0x000000077d180000)
 ParOldGen       total 175104K, used 61150K [0x00000006c1e00000, 0x00000006cc900000, 0x000000076b500000)
  object space 175104K, 34% used [0x00000006c1e00000,0x00000006c59b79e8,0x00000006cc900000)
 Metaspace       used 14767K, capacity 15021K, committed 15360K, reserved 1062912K
  class space    used 1859K, capacity 1937K, committed 2048K, reserved 1048576K
}

