# JRE version: Java(TM) SE Runtime Environment (8.0_144-b01) (build 1.8.0_144-b01)
# Java VM: Java HotSpot(TM) 64-Bit Server VM (25.144-b01 mixed mode windows-amd64 compressed oops)
Heap:
 PSYoungGen      total 141824K, used 127437K [0x000000076b500000, 0x0000000774a00000, 0x00000007c0000000)
  eden space 131072K, 89% used [0x000000076b500000,0x000000077275afb0,0x0000000773500000)
  from space 10752K, 96% used [0x0000000773f80000,0x00000007749986b0,0x0000000774a00000)
  to   space 10752K, 0% used [0x0000000773500000,0x0000000773500000,0x0000000773f80000)
 ParOldGen       total 175104K, used 61714K [0x00000006c1e00000, 0x00000006cc900000, 0x000000076b500000)
  object space 175104K, 35% used [0x00000006c1e00000,0x00000006c5a44ab8,0x00000006cc900000)
 Metaspace       used 14744K, capacity 14949K, committed 15360K, reserved 1062912K
  class space    used 1862K, capacity 1937K, committed 2048K, reserved 1048576K
GC Heap History (8 events):
Event: 2.621 GC heap before
{Heap before GC invocations=1 (full 0):
 PSYoungGen      total 76288K, used 62494K [0x000000076b500000, 0x0000000770a00000, 0x00000007c0000000)
  eden space 65536K, 95% used [0x000000076b500000,0x000000076f207af0,0x000000076f500000)
  from space 10752K, 0% used [0x000000076ff80000,0x000000076ff80000,0x0000000770a00000)
  to   space 10752K, 0% used [0x000000076f500000,0x000000076f500000,0x000000076ff80000)
 ParOldGen       total 175104K, used 0K [0x00000006c1e00000, 0x00000006cc900000, 0x000000076b500000)
  object space 175104K, 0% used [0x00000006c1e00000,0x00000006c1e00000,0x00000006cc900000)
 Metaspace       used 14502K, capacity 14725K, committed 14976K, reserved 1062912K
  class space    used 1831K, capacity 1905K, committed 1920K, reserved 1048576K
Event: 2.646 GC heap after
Heap after GC invocations=1 (full 0):
 PSYoungGen      total 76288K, used 10744K [0x000000076b500000, 0x0000000770a00000, 0x00000007c0000000)
  eden space 65536K, 0% used [0x000000076b500000,0x000000076b500000,0x000000076f500000)
  from space 10752K, 99% used [0x000000076f500000,0x000000076ff7e3c0,0x000000076ff80000)
  to   space 10752K, 0% used [0x000000076ff80000,0x000000076ff80000,0x0000000770a00000)
 ParOldGen       total 175104K, used 19378K [0x00000006c1e00000, 0x00000006cc900000, 0x000000076b500000)
  object space 175104K, 11% used [0x00000006c1e00000,0x00000006c30ecb50,0x00000006cc900000)
 Metaspace       used 14502K, capacity 14725K, committed 14976K, reserved 1062912K
  class space    used 1831K, capacity 1905K, committed 1920K, reserved 1048576K
}
Event: 3.018 GC heap before
{Heap before GC invocations=2 (full 0):
 PSYoungGen      total 76288K, used 76070K [0x000000076b500000, 0x0000000770a00000, 0x00000007c0000000)
  eden space 65536K, 99% used [0x000000076b500000,0x000000076f4cb478,0x000000076f500000)
  from space 10752K, 99% used [0x000000076f500000,0x000000076ff7e3c0,0x000000076ff80000)
  to   space 10752K, 0% used [0x000000076ff80000,0x000000076ff80000,0x0000000770a00000)
 ParOldGen       total 175104K, used 19378K [0x00000006c1e00000, 0x00000006cc900000, 0x000000076b500000)
  object space 175104K, 11% used [0x00000006c1e00000,0x00000006c30ecb50,0x00000006cc900000)
 Metaspace       used 14519K, capacity 14725K, committed 14976K, reserved 1062912K
  class space    used 1831K, capacity 1905K, committed 1920K, reserved 1048576K
Event: 3.040 GC heap after
Heap after GC invocations=2 (full 0):
 PSYoungGen      total 76288K, used 10321K [0x000000076b500000, 0x0000000774a00000, 0x00000007c0000000)
  eden space 65536K, 0% used [0x000000076b500000,0x000000076b500000,0x000000076f500000)
  from space 10752K, 95% used [0x000000076ff80000,0x00000007709946c0,0x0000000770a00000)
  to   space 10752K, 0% used [0x000000076f500000,0x000000076f500000,0x000000076ff80000)
 ParOldGen       total 175104K, used 38515K [0x00000006c1e00000, 0x00000006cc900000, 0x000000076b500000)
  object space 175104K, 21% used [0x00000006c1e00000,0x00000006c439cf88,0x00000006cc900000)
 Metaspace       used 14519K, capacity 14725K, committed 14976K, reserved 1062912K
  class space    used 1831K, capacity 1905K, committed 1920K, reserved 1048576K
}
Event: 3.383 GC heap before
{Heap before GC invocations=3 (full 0):
 PSYoungGen      total 76288K, used 73651K [0x000000076b500000, 0x0000000774a00000, 0x00000007c0000000)
  eden space 65536K, 96% used [0x000000076b500000,0x000000076f2d85c8,0x000000076f500000)
  from space 10752K, 95% used [0x000000076ff80000,0x00000007709946c0,0x0000000770a00000)
  to   space 10752K, 0% used [0x000000076f500000,0x000000076f500000,0x000000076ff80000)
 ParOldGen       total 175104K, used 38515K [0x00000006c1e00000, 0x00000006cc900000, 0x000000076b500000)
  object space 175104K, 21% used [0x00000006c1e00000,0x00000006c439cf88,0x00000006cc900000)
 Metaspace       used 14679K, capacity 14949K, committed 15360K, reserved 1062912K
  class space    used 1861K, capacity 1937K, committed 2048K, reserved 1048576K
Event: 3.392 GC heap after
Heap after GC invocations=3 (full 0):
 PSYoungGen      total 76288K, used 10353K [0x000000076b500000, 0x0000000774a00000, 0x00000007c0000000)
  eden space 65536K, 0% used [0x000000076b500000,0x000000076b500000,0x000000076f500000)
  from space 10752K, 96% used [0x000000076f500000,0x000000076ff1c6a0,0x000000076ff80000)
  to   space 10752K, 0% used [0x0000000773f80000,0x0000000773f80000,0x0000000774a00000)
 ParOldGen       total 175104K, used 42577K [0x00000006c1e00000, 0x00000006cc900000, 0x000000076b500000)
  object space 175104K, 24% used [0x00000006c1e00000,0x00000006c4794680,0x00000006cc900000)
 Metaspace       used 14679K, capacity 14949K, committed 15360K, reserved 1062912K
  class space    used 1861K, capacity 1937K, committed 2048K, reserved 1048576K
}
Event: 3.737 GC heap before
{Heap before GC invocations=4 (full 0):
 PSYoungGen      total 76288K, used 73241K [0x000000076b500000, 0x0000000774a00000, 0x00000007c0000000)
  eden space 65536K, 95% used [0x000000076b500000,0x000000076f269d80,0x000000076f500000)
  from space 10752K, 96% used [0x000000076f500000,0x000000076ff1c6a0,0x000000076ff80000)
  to   space 10752K, 0% used [0x0000000773f80000,0x0000000773f80000,0x0000000774a00000)
 ParOldGen       total 175104K, used 42577K [0x00000006c1e00000, 0x00000006cc900000, 0x000000076b500000)
  object space 175104K, 24% used [0x00000006c1e00000,0x00000006c4794680,0x00000006cc900000)
 Metaspace       used 14699K, capacity 14949K, committed 15360K, reserved 1062912K
  class space    used 1861K, capacity 1937K, committed 2048K, reserved 1048576K
Event: 3.758 GC heap after
Heap after GC invocations=4 (full 0):
 PSYoungGen      total 141824K, used 10337K [0x000000076b500000, 0x0000000774a00000, 0x00000007c0000000)
  eden space 131072K, 0% used [0x000000076b500000,0x000000076b500000,0x0000000773500000)
  from space 10752K, 96% used [0x0000000773f80000,0x00000007749986b0,0x0000000774a00000)
  to   space 10752K, 0% used [0x0000000773500000,0x0000000773500000,0x0000000773f80000)
 ParOldGen       total 175104K, used 61714K [0x00000006c1e00000, 0x00000006cc900000, 0x000000076b500000)
  object space 175104K, 35% used [0x00000006c1e00000,0x00000006c5a44ab8,0x00000006cc900000)
 Metaspace       used 14699K, capacity 14949K, committed 15360K, reserved 1062912K
  class space    used 1861K, capacity 1937K, committed 2048K, reserved 1048576K
}

